<?xml version="1.0" encoding="UTF-8"?>
<!-- Generated by org.testng.reporters.JUnitReportReporter -->
<testsuite skipped="0" hostname="krish" name="testngwaits.ex1" tests="1" failures="0" timestamp="2024-03-16T12:23:21 IST" time="4.989" errors="0">
  <testcase name="hr" time="4.989" classname="testngwaits.ex1"/>
  <system-out/>
</testsuite> <!-- testngwaits.ex1 -->
