<?xml version="1.0" encoding="UTF-8"?>
<!-- Generated by org.testng.reporters.JUnitReportReporter -->
<testsuite skipped="0" hostname="krish" name="testngannotations.a1" tests="2" failures="0" timestamp="2024-03-10T12:47:50 IST" time="2.283" errors="0">
  <testcase name="t2" time="1.432" classname="testngannotations.a1"/>
  <system-out/>
  <testcase name="t1" time="0.851" classname="testngannotations.a1"/>
  <system-out/>
</testsuite> <!-- testngannotations.a1 -->
