<?xml version="1.0" encoding="UTF-8"?>
<!-- Generated by org.testng.reporters.JUnitReportReporter -->
<testsuite skipped="0" hostname="krish" name="testngdepe.r1" tests="7" failures="0" timestamp="2024-03-10T12:14:38 IST" time="10.292" errors="0">
  <testcase name="visiting" time="6.780" classname="testngdepe.r1"/>
  <system-out/>
  <testcase name="max" time="0.140" classname="testngdepe.r1"/>
  <system-out/>
  <testcase name="refreshing" time="0.659" classname="testngdepe.r1"/>
  <system-out/>
  <testcase name="refreshing" time="0.657" classname="testngdepe.r1"/>
  <system-out/>
  <testcase name="refreshing" time="0.546" classname="testngdepe.r1"/>
  <system-out/>
  <testcase name="clicking" time="0.823" classname="testngdepe.r1"/>
  <system-out/>
  <testcase name="closing" time="0.687" classname="testngdepe.r1"/>
  <system-out/>
</testsuite> <!-- testngdepe.r1 -->
