<?xml version="1.0" encoding="UTF-8"?>
<!-- Generated by org.testng.reporters.JUnitReportReporter -->
<testsuite skipped="0" hostname="krish" name="datapro.dt" tests="3" failures="0" timestamp="2024-03-23T12:02:11 IST" time="39.115" errors="0">
  <testcase name="DataProvSampleTest" time="21.441" classname="datapro.dt"/>
  <system-out/>
  <testcase name="DataProvSampleTest" time="8.930" classname="datapro.dt"/>
  <system-out/>
  <testcase name="DataProvSampleTest" time="8.744" classname="datapro.dt"/>
  <system-out/>
</testsuite> <!-- datapro.dt -->
