<?xml version="1.0" encoding="UTF-8"?>
<!-- Generated by org.testng.reporters.JUnitReportReporter -->
<testsuite skipped="1" hostname="krish" name="testngattri.a1" tests="3" failures="0" timestamp="2024-03-10T11:50:16 IST" time="0.013" errors="0">
  <testcase name="m1" time="0.012" classname="testngattri.a1"/>
  <system-out/>
  <testcase name="t2" time="0.001" classname="testngattri.a1"/>
  <system-out/>
  <testcase name="t1" classname="testngattri.a1">
    <skipped/>
  </testcase> <!-- t1 -->
  <system-out/>
</testsuite> <!-- testngattri.a1 -->
